<?xml version="1.0" encoding="UTF-8"?>
<!-- Generated by org.testng.reporters.JUnitReportReporter -->
<testsuite hostname="ABCNBK275" failures="0" tests="4" name="Zippopotamus.GetPostalDataTests" time="3.612" errors="0" timestamp="2022-02-09T16:07:52 ART" skipped="0">
  <testcase classname="Zippopotamus.GetPostalDataTests" name="CodesWithDifferentFirstDigitsShouldBeFromDifferentStates" time="2.689"/>
  <system-out/>
  <testcase classname="Zippopotamus.GetPostalDataTests" name="CodesWithEqualFirstThreeDigitsShouldBeFromSameCities" time="0.001"/>
  <system-out/>
  <testcase classname="Zippopotamus.GetPostalDataTests" name="CodesWithEqualFirstThreeDigitsDifferentLastTwoDigitsShouldBeFromSameCitiesDifferentLatitudes" time="0.001"/>
  <system-out/>
  <testcase classname="Zippopotamus.GetPostalDataTests" name="CodesWithDifferentSecondDigitsShouldBeFromDifferentCities" time="0.921"/>
  <system-out/>
</testsuite> <!-- Zippopotamus.GetPostalDataTests -->
