<?xml version="1.0" encoding="UTF-8"?>
<!-- Generated by org.testng.reporters.JUnitReportReporter -->
<testsuite hostname="ABCNBK275" failures="0" tests="3" name="Zippopotamus.GetPostalDataTests" time="6.235" errors="0" timestamp="2022-02-09T16:46:20 ART" skipped="0">
  <testcase classname="Zippopotamus.GetPostalDataTests" name="CodesWithDifferentFirstDigitsShouldBeFromDifferentStates" time="3.034"/>
  <system-out/>
  <testcase classname="Zippopotamus.GetPostalDataTests" name="CodesWithEqualFirstThreeDigitsShouldBeFromSameCities" time="1.357"/>
  <system-out/>
  <testcase classname="Zippopotamus.GetPostalDataTests" name="CodesWithDifferentSecondDigitsShouldBeFromDifferentCities" time="1.844"/>
  <system-out/>
</testsuite> <!-- Zippopotamus.GetPostalDataTests -->
